<?xml version="1.0" encoding="UTF-8"?>
<testng-results skipped="0" failed="1" ignored="0" total="4" passed="3">
  <reporter-output>
  </reporter-output>
  <suite name="Suite" duration-ms="48369" started-at="2021-03-01T10:20:45 IST" finished-at="2021-03-01T10:21:33 IST">
    <groups>
    </groups>
    <test name="ValidateText" duration-ms="24316" started-at="2021-03-01T10:20:45 IST" finished-at="2021-03-01T10:21:09 IST">
      <class name="TestClasses.validateText">
        <test-method status="PASS" signature="initialise()[pri:0, instance:TestClasses.validateText@37f1104d]" name="initialise" is-config="true" duration-ms="19800" started-at="2021-03-01T10:20:45 IST" finished-at="2021-03-01T10:21:05 IST">
          <reporter-output>
          </reporter-output>
        </test-method> <!-- initialise -->
        <test-method status="FAIL" signature="basePageNavigation()[pri:0, instance:TestClasses.validateText@37f1104d]" name="basePageNavigation" duration-ms="371" started-at="2021-03-01T10:21:05 IST" finished-at="2021-03-01T10:21:05 IST">
          <exception class="java.lang.AssertionError">
            <message>
              <![CDATA[expected [FEATURED COsURSES] but found [FEATURED COURSES]]]>
            </message>
            <full-stacktrace>
              <![CDATA[java.lang.AssertionError: expected [FEATURED COsURSES] but found [FEATURED COURSES]
at org.testng.Assert.fail(Assert.java:99)
at org.testng.Assert.failNotEquals(Assert.java:1037)
at org.testng.Assert.assertEqualsImpl(Assert.java:140)
at org.testng.Assert.assertEquals(Assert.java:122)
at org.testng.Assert.assertEquals(Assert.java:629)
at org.testng.Assert.assertEquals(Assert.java:639)
at TestClasses.validateText.basePageNavigation(validateText.java:38)
at sun.reflect.NativeMethodAccessorImpl.invoke0(Native Method)
at sun.reflect.NativeMethodAccessorImpl.invoke(NativeMethodAccessorImpl.java:62)
at sun.reflect.DelegatingMethodAccessorImpl.invoke(DelegatingMethodAccessorImpl.java:43)
at java.lang.reflect.Method.invoke(Method.java:498)
at org.testng.internal.MethodInvocationHelper.invokeMethod(MethodInvocationHelper.java:133)
at org.testng.internal.TestInvoker.invokeMethod(TestInvoker.java:598)
at org.testng.internal.TestInvoker.invokeTestMethod(TestInvoker.java:173)
at org.testng.internal.MethodRunner.runInSequence(MethodRunner.java:46)
at org.testng.internal.TestInvoker$MethodInvocationAgent.invoke(TestInvoker.java:824)
at org.testng.internal.TestInvoker.invokeTestMethods(TestInvoker.java:146)
at org.testng.internal.TestMethodWorker.invokeTestMethods(TestMethodWorker.java:146)
at org.testng.internal.TestMethodWorker.run(TestMethodWorker.java:128)
at java.util.ArrayList.forEach(ArrayList.java:1259)
at org.testng.TestRunner.privateRun(TestRunner.java:794)
at org.testng.TestRunner.run(TestRunner.java:596)
at org.testng.SuiteRunner.runTest(SuiteRunner.java:377)
at org.testng.SuiteRunner.access$000(SuiteRunner.java:28)
at org.testng.SuiteRunner$SuiteWorker.run(SuiteRunner.java:418)
at org.testng.internal.thread.ThreadUtil.lambda$execute$0(ThreadUtil.java:64)
at java.util.concurrent.FutureTask.run(FutureTask.java:266)
at java.util.concurrent.ThreadPoolExecutor.runWorker(ThreadPoolExecutor.java:1149)
at java.util.concurrent.ThreadPoolExecutor$Worker.run(ThreadPoolExecutor.java:624)
at java.lang.Thread.run(Thread.java:748)
]]>
            </full-stacktrace>
          </exception> <!-- java.lang.AssertionError -->
          <reporter-output>
          </reporter-output>
        </test-method> <!-- basePageNavigation -->
        <test-method status="PASS" signature="closeBrowser()[pri:0, instance:TestClasses.validateText@37f1104d]" name="closeBrowser" is-config="true" duration-ms="896" started-at="2021-03-01T10:21:08 IST" finished-at="2021-03-01T10:21:09 IST">
          <reporter-output>
          </reporter-output>
        </test-method> <!-- closeBrowser -->
      </class> <!-- TestClasses.validateText -->
    </test> <!-- ValidateText -->
    <test name="validateNavbar" duration-ms="24427" started-at="2021-03-01T10:20:45 IST" finished-at="2021-03-01T10:21:09 IST">
      <class name="TestClasses.validateNavbar">
        <test-method status="PASS" signature="initialise()[pri:0, instance:TestClasses.validateNavbar@1d7acb34]" name="initialise" is-config="true" duration-ms="19736" started-at="2021-03-01T10:20:45 IST" finished-at="2021-03-01T10:21:05 IST">
          <reporter-output>
          </reporter-output>
        </test-method> <!-- initialise -->
        <test-method status="PASS" signature="basePageNavigation()[pri:0, instance:TestClasses.validateNavbar@1d7acb34]" name="basePageNavigation" duration-ms="4007" started-at="2021-03-01T10:21:05 IST" finished-at="2021-03-01T10:21:09 IST">
          <reporter-output>
          </reporter-output>
        </test-method> <!-- basePageNavigation -->
        <test-method status="PASS" signature="closeBrowser()[pri:0, instance:TestClasses.validateNavbar@1d7acb34]" name="closeBrowser" is-config="true" duration-ms="674" started-at="2021-03-01T10:21:09 IST" finished-at="2021-03-01T10:21:09 IST">
          <reporter-output>
          </reporter-output>
        </test-method> <!-- closeBrowser -->
      </class> <!-- TestClasses.validateNavbar -->
    </test> <!-- validateNavbar -->
    <test name="validateLogin" duration-ms="48369" started-at="2021-03-01T10:20:45 IST" finished-at="2021-03-01T10:21:33 IST">
      <class name="TestClasses.LoginTest">
        <test-method status="PASS" signature="testlogin(java.lang.String,java.lang.String,java.lang.String)[pri:0, instance:TestClasses.LoginTest@47db50c5]" name="testlogin" duration-ms="33298" started-at="2021-03-01T10:20:45 IST" data-provider="getData" finished-at="2021-03-01T10:21:18 IST">
          <params>
            <param index="0">
              <value>
                <![CDATA[siddi@gmail.com]]>
              </value>
            </param>
            <param index="1">
              <value>
                <![CDATA[siddi@fp]]>
              </value>
            </param>
            <param index="2">
              <value>
                <![CDATA[non res]]>
              </value>
            </param>
          </params>
          <reporter-output>
          </reporter-output>
        </test-method> <!-- testlogin -->
        <test-method status="PASS" signature="terminate()[pri:0, instance:TestClasses.LoginTest@47db50c5]" name="terminate" is-config="true" duration-ms="520" started-at="2021-03-01T10:21:18 IST" finished-at="2021-03-01T10:21:19 IST">
          <reporter-output>
          </reporter-output>
        </test-method> <!-- terminate -->
        <test-method status="PASS" signature="testlogin(java.lang.String,java.lang.String,java.lang.String)[pri:0, instance:TestClasses.LoginTest@47db50c5]" name="testlogin" duration-ms="14326" started-at="2021-03-01T10:21:19 IST" data-provider="getData" finished-at="2021-03-01T10:21:33 IST">
          <params>
            <param index="0">
              <value>
                <![CDATA[ss@gmail.com]]>
              </value>
            </param>
            <param index="1">
              <value>
                <![CDATA[sss]]>
              </value>
            </param>
            <param index="2">
              <value>
                <![CDATA[resss]]>
              </value>
            </param>
          </params>
          <reporter-output>
          </reporter-output>
        </test-method> <!-- testlogin -->
        <test-method status="PASS" signature="terminate()[pri:0, instance:TestClasses.LoginTest@47db50c5]" name="terminate" is-config="true" duration-ms="164" started-at="2021-03-01T10:21:33 IST" finished-at="2021-03-01T10:21:33 IST">
          <reporter-output>
          </reporter-output>
        </test-method> <!-- terminate -->
      </class> <!-- TestClasses.LoginTest -->
    </test> <!-- validateLogin -->
  </suite> <!-- Suite -->
</testng-results>
